<?xml version="1.0" encoding="UTF-8"?>
<!-- Generated by org.testng.reporters.JUnitXMLReporter -->
<testsuite ignored="0" hostname="DESKTOP-I35D3F1" failures="0" tests="4" name="Default test" time="95.761" errors="0" timestamp="2022-08-30T11:40:41 IST">
  <testcase classname="com.vtechsolution.orangehrm.testcases.LoginTC_DDT_03" name="Login_DDT_TC" time="5.142"/>
  <testcase classname="com.vtechsolution.orangehrm.testcases.LoginTC_DDT_03" name="Login_DDT_TC" time="4.866"/>
  <testcase classname="com.vtechsolution.orangehrm.testcases.LoginTC_DDT_03" name="Login_DDT_TC" time="2.106"/>
  <testcase classname="com.vtechsolution.orangehrm.testcases.LoginTC_DDT_03" name="Login_DDT_TC" time="2.437"/>
</testsuite> <!-- Default test -->
