<?xml version="1.0" encoding="UTF-8"?>
<!-- Generated by org.testng.reporters.JUnitXMLReporter -->
<testsuite ignored="0" hostname="DESKTOP-I35D3F1" failures="0" tests="4" name="Default test" time="76.225" errors="0" timestamp="2022-09-05T11:28:00 IST">
  <testcase classname="com.vtechsolution.orangehrm.testcases.LoginTC_DDT_03" name="Login_DDT_TC" time="3.41"/>
  <testcase classname="com.vtechsolution.orangehrm.testcases.LoginTC_DDT_03" name="Login_DDT_TC" time="4.146"/>
  <testcase classname="com.vtechsolution.orangehrm.testcases.LoginTC_DDT_03" name="Login_DDT_TC" time="2.863"/>
  <testcase classname="com.vtechsolution.orangehrm.testcases.LoginTC_DDT_03" name="Login_DDT_TC" time="2.125"/>
</testsuite> <!-- Default test -->
