<?xml version="1.0" encoding="UTF-8"?>
<testng-results ignored="0" total="4" passed="4" failed="0" skipped="0">
  <reporter-output>
  </reporter-output>
  <suite started-at="2022-08-30T11:39:05 IST" name="Default suite" finished-at="2022-08-30T11:40:41 IST" duration-ms="95761">
    <groups>
    </groups>
    <test started-at="2022-08-30T11:39:05 IST" name="Default test" finished-at="2022-08-30T11:40:41 IST" duration-ms="95761">
      <class name="com.vtechsolution.orangehrm.testcases.LoginTC_DDT_03">
        <test-method is-config="true" signature="Launchbrowser()[pri:0, instance:com.vtechsolution.orangehrm.testcases.LoginTC_DDT_03@55795845]" started-at="2022-08-30T11:39:05 IST" name="Launchbrowser" finished-at="2022-08-30T11:39:32 IST" duration-ms="26906" status="PASS">
          <reporter-output>
          </reporter-output>
        </test-method> <!-- Launchbrowser -->
        <test-method signature="Login_DDT_TC(java.lang.String,java.lang.String)[pri:0, instance:com.vtechsolution.orangehrm.testcases.LoginTC_DDT_03@55795845]" started-at="2022-08-30T11:39:32 IST" name="Login_DDT_TC" data-provider="getData" finished-at="2022-08-30T11:39:37 IST" duration-ms="5142" status="PASS">
          <params>
            <param index="0">
              <value>
                <![CDATA[Admin]]>
              </value>
            </param>
            <param index="1">
              <value>
                <![CDATA[admin12]]>
              </value>
            </param>
          </params>
          <reporter-output>
          </reporter-output>
        </test-method> <!-- Login_DDT_TC -->
        <test-method is-config="true" signature="closethebrowser()[pri:0, instance:com.vtechsolution.orangehrm.testcases.LoginTC_DDT_03@55795845]" started-at="2022-08-30T11:39:37 IST" name="closethebrowser" finished-at="2022-08-30T11:39:41 IST" duration-ms="3262" status="PASS">
          <reporter-output>
          </reporter-output>
        </test-method> <!-- closethebrowser -->
        <test-method is-config="true" signature="Launchbrowser()[pri:0, instance:com.vtechsolution.orangehrm.testcases.LoginTC_DDT_03@55795845]" started-at="2022-08-30T11:39:41 IST" name="Launchbrowser" finished-at="2022-08-30T11:40:00 IST" duration-ms="19872" status="PASS">
          <reporter-output>
          </reporter-output>
        </test-method> <!-- Launchbrowser -->
        <test-method signature="Login_DDT_TC(java.lang.String,java.lang.String)[pri:0, instance:com.vtechsolution.orangehrm.testcases.LoginTC_DDT_03@55795845]" started-at="2022-08-30T11:40:00 IST" name="Login_DDT_TC" data-provider="getData" finished-at="2022-08-30T11:40:05 IST" duration-ms="4866" status="PASS">
          <params>
            <param index="0">
              <value>
                <![CDATA[Admin]]>
              </value>
            </param>
            <param index="1">
              <value>
                <![CDATA[admin123]]>
              </value>
            </param>
          </params>
          <reporter-output>
          </reporter-output>
        </test-method> <!-- Login_DDT_TC -->
        <test-method is-config="true" signature="closethebrowser()[pri:0, instance:com.vtechsolution.orangehrm.testcases.LoginTC_DDT_03@55795845]" started-at="2022-08-30T11:40:05 IST" name="closethebrowser" finished-at="2022-08-30T11:40:09 IST" duration-ms="3205" status="PASS">
          <reporter-output>
          </reporter-output>
        </test-method> <!-- closethebrowser -->
        <test-method is-config="true" signature="Launchbrowser()[pri:0, instance:com.vtechsolution.orangehrm.testcases.LoginTC_DDT_03@55795845]" started-at="2022-08-30T11:40:09 IST" name="Launchbrowser" finished-at="2022-08-30T11:40:20 IST" duration-ms="11782" status="PASS">
          <reporter-output>
          </reporter-output>
        </test-method> <!-- Launchbrowser -->
        <test-method signature="Login_DDT_TC(java.lang.String,java.lang.String)[pri:0, instance:com.vtechsolution.orangehrm.testcases.LoginTC_DDT_03@55795845]" started-at="2022-08-30T11:40:20 IST" name="Login_DDT_TC" data-provider="getData" finished-at="2022-08-30T11:40:22 IST" duration-ms="2106" status="PASS">
          <params>
            <param index="0">
              <value>
                <![CDATA[admn]]>
              </value>
            </param>
            <param index="1">
              <value>
                <![CDATA[admin123]]>
              </value>
            </param>
          </params>
          <reporter-output>
          </reporter-output>
        </test-method> <!-- Login_DDT_TC -->
        <test-method is-config="true" signature="closethebrowser()[pri:0, instance:com.vtechsolution.orangehrm.testcases.LoginTC_DDT_03@55795845]" started-at="2022-08-30T11:40:22 IST" name="closethebrowser" finished-at="2022-08-30T11:40:26 IST" duration-ms="3207" status="PASS">
          <reporter-output>
          </reporter-output>
        </test-method> <!-- closethebrowser -->
        <test-method is-config="true" signature="Launchbrowser()[pri:0, instance:com.vtechsolution.orangehrm.testcases.LoginTC_DDT_03@55795845]" started-at="2022-08-30T11:40:26 IST" name="Launchbrowser" finished-at="2022-08-30T11:40:35 IST" duration-ms="9706" status="PASS">
          <reporter-output>
          </reporter-output>
        </test-method> <!-- Launchbrowser -->
        <test-method signature="Login_DDT_TC(java.lang.String,java.lang.String)[pri:0, instance:com.vtechsolution.orangehrm.testcases.LoginTC_DDT_03@55795845]" started-at="2022-08-30T11:40:35 IST" name="Login_DDT_TC" data-provider="getData" finished-at="2022-08-30T11:40:38 IST" duration-ms="2437" status="PASS">
          <params>
            <param index="0">
              <value>
                <![CDATA[Adin]]>
              </value>
            </param>
            <param index="1">
              <value>
                <![CDATA[admin1234]]>
              </value>
            </param>
          </params>
          <reporter-output>
          </reporter-output>
        </test-method> <!-- Login_DDT_TC -->
        <test-method is-config="true" signature="closethebrowser()[pri:0, instance:com.vtechsolution.orangehrm.testcases.LoginTC_DDT_03@55795845]" started-at="2022-08-30T11:40:38 IST" name="closethebrowser" finished-at="2022-08-30T11:40:41 IST" duration-ms="3205" status="PASS">
          <reporter-output>
          </reporter-output>
        </test-method> <!-- closethebrowser -->
      </class> <!-- com.vtechsolution.orangehrm.testcases.LoginTC_DDT_03 -->
    </test> <!-- Default test -->
  </suite> <!-- Default suite -->
</testng-results>
